build/app/outputs/mapping/release/seeds.txt
com.example.myapp.MainActivity
com.example.myapp.MainActivity: MainActivity()
...
androidx.appcompat.widget.SearchView$SearchAutoComplete: SearchView$SearchAutoComplete(android.content.Context,android.util.AttributeSet)
com.google.android.gms.measurement.AppMeasurement: java.util.List getConditionalUserProperties(java.lang.String,java.lang.String)
co.notix.lm: java.lang.Object invoke(java.lang.Object)
com.google.android.gms.measurement.internal.AppMeasurementDynamiteService: void initialize(com.google.android.gms.dynamic.IObjectWrapper,com.google.android.gms.internal.measurement.zzdq,long)
co.notix.z4: z4(co.notix.wb)
androidx.appcompat.widget.ActionMenuView: int getPopupTheme()
com.google.android.gms.internal.measurement.zzcl: com.google.android.gms.internal.measurement.zzcl[] values()
androidx.work.impl.background.systemjob.SystemJobService: SystemJobService()
androidx.window.layout.HardwareFoldingFeature: HardwareFoldingFeature(androidx.window.core.Bounds,androidx.window.layout.HardwareFoldingFeature$Type,androidx.window.layout.FoldingFeature$State)
co.notix.zg: java.lang.Object invokeSuspend(java.lang.Object)
co.notix.p1: p1(co.notix.pq,java.lang.String,kotlin.coroutines.Continuation)
androidx.appcompat.widget.ContentFrameLayout: void setAttachListener(androidx.appcompat.widget.ContentFrameLayout$OnAttachListener)
com.google.firebase.perf.config.RemoteConfigManager: void lambda$triggerFirebaseRemoteConfigFetchAndActivateOnSuccessfulFetch$0(java.lang.Boolean)
co.notix.tj: java.lang.Object invoke(java.lang.Object)
androidx.window.layout.DisplayCompatHelperApi17: void getRealSize(android.view.Display,android.graphics.Point)
co.notix.pc: java.lang.Object a(kotlin.coroutines.Continuation)
co.notix.periodicworker.PeriodicWorker: PeriodicWorker(android.content.Context,androidx.work.WorkerParameters)
com.google.firebase.perf.ktx.FirebasePerfKtxRegistrar: java.util.List getComponents()
co.notix.callback.NotixCallback$Click: java.lang.String getData()
androidx.appcompat.widget.AppCompatCheckBox: void setBackgroundResource(int)
androidx.datastore.preferences.protobuf.UnsafeUtil: UnsafeUtil()
co.notix.xd: void onReceive(android.content.Context,android.content.Intent)
co.notix.jh: java.lang.Object a(java.lang.String,kotlin.jvm.functions.Function1,kotlin.jvm.functions.Function1,kotlin.coroutines.Continuation)
co.notix.xp: java.lang.Object g(kotlin.coroutines.Continuation)
androidx.datastore.preferences.protobuf.FloatArrayList: FloatArrayList()
io.flutter.view.TextureRegistry$ImageTextureEntry: long id()
co.notix.gi: java.lang.Object invoke(java.lang.Object)
co.notix.appopen.NotixAppOpen$DefaultImpls: void startAutoShow$default(co.notix.appopen.NotixAppOpen,co.notix.appopen.AppOpenLoader,long,long,kotlin.jvm.functions.Function0,kotlin.jvm.functions.Function0,kotlin.jvm.functions.Function1,int,java.lang.Object)
co.notix.native.NotixNative$Companion: co.notix.native.NativeLoader createLoader(long)
co.notix.fc: fc(co.notix.pc,kotlin.coroutines.Continuation)
co.notix.ze: java.lang.Object emit(java.lang.Object,kotlin.coroutines.Continuation)
androidx.core.widget.NestedScrollView: float getVerticalScrollFactorCompat()
androidx.core.app.NotificationCompat$BubbleMetadata$Api29Impl: android.app.Notification$BubbleMetadata toPlatform(androidx.core.app.NotificationCompat$BubbleMetadata)
androidx.window.layout.WindowMetricsCalculatorCompat: android.graphics.Rect computeWindowBoundsIceCreamSandwich$window_release(android.app.Activity)
io.flutter.embedding.engine.FlutterJNI: void ensureNotAttachedToNative()
androidx.appcompat.widget.ActionMenuView: android.graphics.drawable.Drawable getOverflowIcon()
com.google.firebase.perf.util.Constants$TraceNames: com.google.firebase.perf.util.Constants$TraceNames valueOf(java.lang.String)
androidx.appcompat.widget.AppCompatTextViewAutoSizeHelper$Impl: AppCompatTextViewAutoSizeHelper$Impl()
co.notix.tc: tc(co.notix.lsi.LockScreenInterstitialWorker,kotlin.coroutines.Continuation)
androidx.window.core.Version: androidx.window.core.Version access$getUNKNOWN$cp()