build/app/outputs/mapping/release/mapping.txt
# compiler: R8
# compiler_version: 3.3.70
# min_api: 21
# common_typos_disable
# {"id":"com.android.tools.r8.mapping","version":"2.0"}
# pg_map_id: 0c18a5b
# pg_map_hash: SHA-256 0c18a5be1e7dc8dacccafc041012d0182525eabbc65bf6a6eda3d0a564940540
...
com.google.android.gms.internal.stats.zze -> l2.e:
com.google.android.gms.internal.stats.zzf -> l2.f:
com.google.android.gms.internal.stats.zzg -> l2.g:
com.google.android.gms.internal.stats.zzh -> l2.h:
    com.google.android.gms.internal.stats.zze zza -> a
    com.google.android.gms.internal.stats.zze zzb -> b
    com.google.android.gms.internal.stats.zze zza() -> a
com.google.android.gms.internal.stats.zzi -> l2.i:
com.google.android.gms.internal.tasks.zza -> m2.a:
    android.os.Looper zza -> a
com.google.android.gms.measurement.AppMeasurement -> com.google.android.gms.measurement.AppMeasurement:
    com.google.android.gms.measurement.AppMeasurement$zza zzb -> a
    com.google.android.gms.measurement.AppMeasurement zza -> b
    com.google.android.gms.measurement.AppMeasurement zza(android.content.Context,java.lang.String,java.lang.String) -> a
    com.google.android.gms.measurement.internal.zzkn zza(android.content.Context,android.os.Bundle) -> b
com.google.android.gms.measurement.AppMeasurement$zza -> com.google.android.gms.measurement.AppMeasurement$a:
com.google.android.gms.measurement.AppMeasurementJobService -> com.google.android.gms.measurement.AppMeasurementJobService:
    com.google.android.gms.measurement.internal.zzmf zza -> a
    void zza(android.content.Intent) -> a
    void zza(android.app.job.JobParameters,boolean) -> b
    com.google.android.gms.measurement.internal.zzmf zza() -> c
    boolean zza(int) -> f
com.google.android.gms.measurement.AppMeasurementReceiver -> com.google.android.gms.measurement.AppMeasurementReceiver:
    com.google.android.gms.measurement.internal.zzgw zza -> c
    void doStartService(android.content.Context,android.content.Intent) -> a
com.google.android.gms.measurement.AppMeasurementService -> com.google.android.gms.measurement.AppMeasurementService:
    com.google.android.gms.measurement.internal.zzmf zza -> a
    void zza(android.content.Intent) -> a
    void zza(android.app.job.JobParameters,boolean) -> b
    com.google.android.gms.measurement.internal.zzmf zza() -> c
    boolean zza(int) -> f
com.google.android.gms.measurement.api.AppMeasurementSdk -> n2.a:
    com.google.android.gms.internal.measurement.zzds zza -> a
    void clearConditionalUserProperty(java.lang.String,java.lang.String,android.os.Bundle) -> a
    java.util.List getConditionalUserProperties(java.lang.String,java.lang.String) -> b
    int getMaxUserProperties(java.lang.String) -> c
    java.util.Map getUserProperties(java.lang.String,java.lang.String,boolean) -> d
    void logEvent(java.lang.String,java.lang.String,android.os.Bundle) -> e
    void setConditionalUserProperty(android.os.Bundle) -> f
    void setUserProperty(java.lang.String,java.lang.String,java.lang.Object) -> g
    void zza(boolean) -> h
com.google.android.gms.measurement.internal.AppMeasurementDynamiteService -> com.google.android.gms.measurement.internal.AppMeasurementDynamiteService:
    java.util.Map zzb -> c
    com.google.android.gms.measurement.internal.zzho zza -> b
    void zza() -> g
    void zza(com.google.android.gms.internal.measurement.zzdi,java.lang.String) -> h
com.google.android.gms.measurement.internal.AppMeasurementDynamiteService$zza -> com.google.android.gms.measurement.internal.AppMeasurementDynamiteService$a:
    com.google.android.gms.measurement.internal.AppMeasurementDynamiteService zzb -> b
    com.google.android.gms.internal.measurement.zzdj zza -> a
    void interceptEvent(java.lang.String,java.lang.String,android.os.Bundle,long) -> a
com.google.android.gms.measurement.internal.AppMeasurementDynamiteService$zzb -> com.google.android.gms.measurement.internal.AppMeasurementDynamiteService$b:
    com.google.android.gms.measurement.internal.AppMeasurementDynamiteService zzb -> b
    com.google.android.gms.internal.measurement.zzdj zza -> a
    void onEvent(java.lang.String,java.lang.String,android.os.Bundle,long) -> a