build/app/outputs/mapping/release/usage.txt
com.example.myapp.BuildConfig
com.example.myapp.R$anim
com.example.myapp.R$attr
com.example.myapp.R$bool
com.example.myapp.R$color
com.example.myapp.R$dimen
com.example.myapp.R$drawable
com.example.myapp.R$id
com.example.myapp.R$integer
com.example.myapp.R$interpolator
com.example.myapp.R$layout
com.example.myapp.R$mipmap
com.example.myapp.R$raw
com.example.myapp.R$string
com.example.myapp.R$style
com.example.myapp.R$styleable
com.example.myapp.R$xml
com.example.myapp.R
...
com.google.common.base.CharMatcher$FastMatcher
com.google.common.base.CharMatcher$ForPredicate
com.google.common.base.CharMatcher$InRange
com.google.common.base.CharMatcher$Invisible
com.google.common.base.CharMatcher$Is
com.google.common.base.CharMatcher$IsEither
com.google.common.base.CharMatcher$IsNot
com.google.common.base.CharMatcher$JavaDigit
com.google.common.base.CharMatcher$JavaIsoControl
com.google.common.base.CharMatcher$JavaLetter
com.google.common.base.CharMatcher$JavaLetterOrDigit
com.google.common.base.CharMatcher$JavaLowerCase
com.google.common.base.CharMatcher$JavaUpperCase
com.google.common.base.CharMatcher$NamedFastMatcher
com.google.common.base.CharMatcher$Negated
com.google.common.base.CharMatcher$NegatedFastMatcher
com.google.common.base.CharMatcher$None
com.google.common.base.CharMatcher$Or
com.google.common.base.CharMatcher$RangesMatcher
com.google.common.base.CharMatcher$SingleWidth
com.google.common.base.CharMatcher$Whitespace
com.google.common.base.CharMatcher
com.google.common.base.Charsets
com.google.common.base.CommonMatcher
com.google.common.base.CommonPattern
com.google.common.base.Converter$1$1
com.google.common.base.Converter$1
com.google.common.base.Converter$ConverterComposition
com.google.common.base.Converter$FunctionBasedConverter
com.google.common.base.Converter$IdentityConverter
com.google.common.base.Converter$ReverseConverter
com.google.common.base.Converter
com.google.common.base.Defaults
com.google.common.base.ElementTypesAreNonnullByDefault
com.google.common.base.Enums$StringConverter
com.google.common.base.Enums
com.google.common.base.Equivalence$1
com.google.common.base.Equivalence$Equals
com.google.common.base.Equivalence$EquivalentToPredicate
com.google.common.base.Equivalence$Identity
com.google.common.base.Equivalence$Wrapper
com.google.common.base.Equivalence
com.google.common.base.ExtraObjectsMethodsForWeb:
    void <init>()
com.google.common.base.FinalizablePhantomReference
com.google.common.base.FinalizableReference
com.google.common.base.FinalizableReferenceQueue$DecoupledLoader
com.google.common.base.FinalizableReferenceQueue$DirectLoader
com.google.common.base.FinalizableReferenceQueue$FinalizerLoader
com.google.common.base.FinalizableReferenceQueue$SystemLoader
com.google.common.base.FinalizableReferenceQueue
com.google.common.base.FinalizableSoftReference
com.google.common.base.FinalizableWeakReference
com.google.common.base.FunctionalEquivalence
com.google.common.base.Functions$1
com.google.common.base.Functions$ConstantFunction
com.google.common.base.Functions$ForMapWithDefault
com.google.common.base.Functions$FunctionComposition
com.google.common.base.Functions$FunctionForMapNoDefault
com.google.common.base.Functions$IdentityFunction
com.google.common.base.Functions$PredicateFunction
com.google.common.base.Functions$SupplierFunction
com.google.common.base.Functions$ToStringFunction
com.google.common.base.Functions
com.google.common.base.Java8Compatibility
com.google.common.base.JdkPattern$JdkMatcher
com.google.common.base.JdkPattern
com.google.common.base.Joiner$1
com.google.common.base.Joiner$2
com.google.common.base.Joiner$3
com.google.common.base.Joiner$MapJoiner
com.google.common.base.Joiner
com.google.common.base.MoreObjects$ToStringHelper$UnconditionalValueHolder:
    private void <init>()
    synthetic void <init>(com.google.common.base.MoreObjects$1)